2025-05-26 04:16:18 [INFO] Logging started
2025-05-26 04:16:18 [INFO] Evaluating parameters: {'n_d': 16, 'n_steps': 3, 'cat_emb_dim': 1, 'gamma': 1.2, 'lambda_sparse': 0.001, 'optimizer_params': {'lr': 0.03}}
2025-05-26 04:17:58 [INFO] Fold 1: AUC = 0.9224
2025-05-26 04:19:49 [INFO] Fold 2: AUC = 0.9480
2025-05-26 04:21:39 [INFO] Fold 3: AUC = 0.9410
2025-05-26 04:23:24 [INFO] Fold 4: AUC = 0.9327
2025-05-26 04:24:49 [INFO] Fold 5: AUC = 0.9397
2025-05-26 04:24:49 [INFO] Mean AUC for params {'n_d': 16, 'n_steps': 3, 'cat_emb_dim': 1, 'gamma': 1.2, 'lambda_sparse': 0.001, 'optimizer_params': {'lr': 0.03}}: 0.9367
2025-05-26 04:24:49 [INFO] Evaluating parameters: {'n_d': 16, 'n_steps': 3, 'cat_emb_dim': 1, 'gamma': 1.2, 'lambda_sparse': 0.001, 'optimizer_params': {'lr': 0.01}}
2025-05-26 04:26:28 [INFO] Fold 1: AUC = 0.9289
2025-05-26 04:27:38 [INFO] Fold 2: AUC = 0.9394
2025-05-26 04:28:54 [INFO] Fold 3: AUC = 0.9379
2025-05-26 04:30:40 [INFO] Fold 4: AUC = 0.9291
2025-05-26 04:32:28 [INFO] Fold 5: AUC = 0.9381
2025-05-26 04:32:28 [INFO] Mean AUC for params {'n_d': 16, 'n_steps': 3, 'cat_emb_dim': 1, 'gamma': 1.2, 'lambda_sparse': 0.001, 'optimizer_params': {'lr': 0.01}}: 0.9347
2025-05-26 04:32:28 [INFO] Evaluating parameters: {'n_d': 16, 'n_steps': 3, 'cat_emb_dim': 1, 'gamma': 1.2, 'lambda_sparse': 0.0001, 'optimizer_params': {'lr': 0.03}}
2025-05-26 04:33:47 [INFO] Fold 1: AUC = 0.9142
2025-05-26 04:34:42 [INFO] Fold 2: AUC = 0.9335
2025-05-26 04:36:02 [INFO] Fold 3: AUC = 0.9266
2025-05-26 04:38:02 [INFO] Fold 4: AUC = 0.9311
2025-05-26 04:39:07 [INFO] Fold 5: AUC = 0.9193
2025-05-26 04:39:07 [INFO] Mean AUC for params {'n_d': 16, 'n_steps': 3, 'cat_emb_dim': 1, 'gamma': 1.2, 'lambda_sparse': 0.0001, 'optimizer_params': {'lr': 0.03}}: 0.9249
2025-05-26 04:39:07 [INFO] Evaluating parameters: {'n_d': 16, 'n_steps': 3, 'cat_emb_dim': 1, 'gamma': 1.2, 'lambda_sparse': 0.0001, 'optimizer_params': {'lr': 0.01}}
2025-05-26 04:41:04 [INFO] Fold 1: AUC = 0.9317
2025-05-26 04:42:24 [INFO] Fold 2: AUC = 0.9411
2025-05-26 04:43:45 [INFO] Fold 3: AUC = 0.9387
2025-05-26 04:44:15 [INFO] Fold 4: AUC = 0.9223
2025-05-26 04:44:56 [INFO] Fold 5: AUC = 0.9284
2025-05-26 04:44:56 [INFO] Mean AUC for params {'n_d': 16, 'n_steps': 3, 'cat_emb_dim': 1, 'gamma': 1.2, 'lambda_sparse': 0.0001, 'optimizer_params': {'lr': 0.01}}: 0.9324
2025-05-26 04:44:56 [INFO] Evaluating parameters: {'n_d': 16, 'n_steps': 3, 'cat_emb_dim': 1, 'gamma': 1.5, 'lambda_sparse': 0.001, 'optimizer_params': {'lr': 0.03}}
2025-05-26 04:45:42 [INFO] Fold 1: AUC = 0.9216
2025-05-26 04:46:25 [INFO] Fold 2: AUC = 0.9403
2025-05-26 04:47:02 [INFO] Fold 3: AUC = 0.9328
2025-05-26 04:47:46 [INFO] Fold 4: AUC = 0.9232
2025-05-26 04:48:31 [INFO] Fold 5: AUC = 0.9272
2025-05-26 04:48:31 [INFO] Mean AUC for params {'n_d': 16, 'n_steps': 3, 'cat_emb_dim': 1, 'gamma': 1.5, 'lambda_sparse': 0.001, 'optimizer_params': {'lr': 0.03}}: 0.9290
2025-05-26 04:48:31 [INFO] Evaluating parameters: {'n_d': 16, 'n_steps': 3, 'cat_emb_dim': 1, 'gamma': 1.5, 'lambda_sparse': 0.001, 'optimizer_params': {'lr': 0.01}}
2025-05-26 04:49:17 [INFO] Fold 1: AUC = 0.9233
2025-05-26 04:49:55 [INFO] Fold 2: AUC = 0.9346
2025-05-26 04:50:41 [INFO] Fold 3: AUC = 0.9318
2025-05-26 04:51:25 [INFO] Fold 4: AUC = 0.9284
2025-05-26 04:52:11 [INFO] Fold 5: AUC = 0.9379
2025-05-26 04:52:11 [INFO] Mean AUC for params {'n_d': 16, 'n_steps': 3, 'cat_emb_dim': 1, 'gamma': 1.5, 'lambda_sparse': 0.001, 'optimizer_params': {'lr': 0.01}}: 0.9312
2025-05-26 04:52:11 [INFO] Evaluating parameters: {'n_d': 16, 'n_steps': 3, 'cat_emb_dim': 1, 'gamma': 1.5, 'lambda_sparse': 0.0001, 'optimizer_params': {'lr': 0.03}}
2025-05-26 04:52:55 [INFO] Fold 1: AUC = 0.9345
2025-05-26 04:53:40 [INFO] Fold 2: AUC = 0.9432
2025-05-26 04:54:25 [INFO] Fold 3: AUC = 0.9339
2025-05-26 04:55:11 [INFO] Fold 4: AUC = 0.9207
2025-05-26 04:55:56 [INFO] Fold 5: AUC = 0.9398
2025-05-26 04:55:56 [INFO] Mean AUC for params {'n_d': 16, 'n_steps': 3, 'cat_emb_dim': 1, 'gamma': 1.5, 'lambda_sparse': 0.0001, 'optimizer_params': {'lr': 0.03}}: 0.9344
2025-05-26 04:55:56 [INFO] Evaluating parameters: {'n_d': 16, 'n_steps': 3, 'cat_emb_dim': 1, 'gamma': 1.5, 'lambda_sparse': 0.0001, 'optimizer_params': {'lr': 0.01}}
2025-05-26 04:56:39 [INFO] Fold 1: AUC = 0.9220
2025-05-26 04:57:25 [INFO] Fold 2: AUC = 0.9346
2025-05-26 04:58:05 [INFO] Fold 3: AUC = 0.9301
2025-05-26 04:58:38 [INFO] Fold 4: AUC = 0.9149
2025-05-26 04:59:23 [INFO] Fold 5: AUC = 0.9304
2025-05-26 04:59:23 [INFO] Mean AUC for params {'n_d': 16, 'n_steps': 3, 'cat_emb_dim': 1, 'gamma': 1.5, 'lambda_sparse': 0.0001, 'optimizer_params': {'lr': 0.01}}: 0.9264
2025-05-26 04:59:23 [INFO] Evaluating parameters: {'n_d': 16, 'n_steps': 3, 'cat_emb_dim': 2, 'gamma': 1.2, 'lambda_sparse': 0.001, 'optimizer_params': {'lr': 0.03}}
2025-05-26 05:00:03 [INFO] Fold 1: AUC = 0.9292
2025-05-26 05:00:41 [INFO] Fold 2: AUC = 0.9468
2025-05-26 05:01:25 [INFO] Fold 3: AUC = 0.9451
2025-05-26 05:01:55 [INFO] Fold 4: AUC = 0.9242
2025-05-26 05:02:29 [INFO] Fold 5: AUC = 0.9368
2025-05-26 05:02:29 [INFO] Mean AUC for params {'n_d': 16, 'n_steps': 3, 'cat_emb_dim': 2, 'gamma': 1.2, 'lambda_sparse': 0.001, 'optimizer_params': {'lr': 0.03}}: 0.9364
2025-05-26 05:02:29 [INFO] Evaluating parameters: {'n_d': 16, 'n_steps': 3, 'cat_emb_dim': 2, 'gamma': 1.2, 'lambda_sparse': 0.001, 'optimizer_params': {'lr': 0.01}}
2025-05-26 05:03:14 [INFO] Fold 1: AUC = 0.9349
2025-05-26 05:03:40 [INFO] Fold 2: AUC = 0.9465
2025-05-26 05:04:23 [INFO] Fold 3: AUC = 0.9462
2025-05-26 05:05:03 [INFO] Fold 4: AUC = 0.9286
2025-05-26 05:05:34 [INFO] Fold 5: AUC = 0.9318
2025-05-26 05:05:34 [INFO] Mean AUC for params {'n_d': 16, 'n_steps': 3, 'cat_emb_dim': 2, 'gamma': 1.2, 'lambda_sparse': 0.001, 'optimizer_params': {'lr': 0.01}}: 0.9376
2025-05-26 05:05:34 [INFO] Evaluating parameters: {'n_d': 16, 'n_steps': 3, 'cat_emb_dim': 2, 'gamma': 1.2, 'lambda_sparse': 0.0001, 'optimizer_params': {'lr': 0.03}}
2025-05-26 05:06:19 [INFO] Fold 1: AUC = 0.9241
2025-05-26 05:07:04 [INFO] Fold 2: AUC = 0.9504
2025-05-26 05:07:21 [INFO] Fold 3: AUC = 0.9154
2025-05-26 05:08:06 [INFO] Fold 4: AUC = 0.9341
2025-05-26 05:08:52 [INFO] Fold 5: AUC = 0.9409
2025-05-26 05:08:52 [INFO] Mean AUC for params {'n_d': 16, 'n_steps': 3, 'cat_emb_dim': 2, 'gamma': 1.2, 'lambda_sparse': 0.0001, 'optimizer_params': {'lr': 0.03}}: 0.9330
2025-05-26 05:08:52 [INFO] Evaluating parameters: {'n_d': 16, 'n_steps': 3, 'cat_emb_dim': 2, 'gamma': 1.2, 'lambda_sparse': 0.0001, 'optimizer_params': {'lr': 0.01}}
2025-05-26 05:09:38 [INFO] Fold 1: AUC = 0.9395
2025-05-26 05:10:22 [INFO] Fold 2: AUC = 0.9511
2025-05-26 05:11:09 [INFO] Fold 3: AUC = 0.9432
2025-05-26 05:11:39 [INFO] Fold 4: AUC = 0.9279
2025-05-26 05:12:03 [INFO] Fold 5: AUC = 0.9322
2025-05-26 05:12:03 [INFO] Mean AUC for params {'n_d': 16, 'n_steps': 3, 'cat_emb_dim': 2, 'gamma': 1.2, 'lambda_sparse': 0.0001, 'optimizer_params': {'lr': 0.01}}: 0.9388
2025-05-26 05:12:03 [INFO] Evaluating parameters: {'n_d': 16, 'n_steps': 3, 'cat_emb_dim': 2, 'gamma': 1.5, 'lambda_sparse': 0.001, 'optimizer_params': {'lr': 0.03}}
2025-05-26 05:12:40 [INFO] Fold 1: AUC = 0.9179
2025-05-26 05:13:26 [INFO] Fold 2: AUC = 0.9492
2025-05-26 05:13:47 [INFO] Fold 3: AUC = 0.9229
2025-05-26 05:14:33 [INFO] Fold 4: AUC = 0.9283
2025-05-26 05:15:18 [INFO] Fold 5: AUC = 0.9406
2025-05-26 05:15:18 [INFO] Mean AUC for params {'n_d': 16, 'n_steps': 3, 'cat_emb_dim': 2, 'gamma': 1.5, 'lambda_sparse': 0.001, 'optimizer_params': {'lr': 0.03}}: 0.9318
2025-05-26 05:15:18 [INFO] Evaluating parameters: {'n_d': 16, 'n_steps': 3, 'cat_emb_dim': 2, 'gamma': 1.5, 'lambda_sparse': 0.001, 'optimizer_params': {'lr': 0.01}}
2025-05-26 05:16:04 [INFO] Fold 1: AUC = 0.9312
2025-05-26 05:16:46 [INFO] Fold 2: AUC = 0.9415
2025-05-26 05:17:34 [INFO] Fold 3: AUC = 0.9413
2025-05-26 05:18:22 [INFO] Fold 4: AUC = 0.9321
2025-05-26 05:19:07 [INFO] Fold 5: AUC = 0.9356
2025-05-26 05:19:07 [INFO] Mean AUC for params {'n_d': 16, 'n_steps': 3, 'cat_emb_dim': 2, 'gamma': 1.5, 'lambda_sparse': 0.001, 'optimizer_params': {'lr': 0.01}}: 0.9363
2025-05-26 05:19:07 [INFO] Evaluating parameters: {'n_d': 16, 'n_steps': 3, 'cat_emb_dim': 2, 'gamma': 1.5, 'lambda_sparse': 0.0001, 'optimizer_params': {'lr': 0.03}}
2025-05-26 05:19:38 [INFO] Fold 1: AUC = 0.9219
2025-05-26 05:20:16 [INFO] Fold 2: AUC = 0.9437
2025-05-26 05:20:48 [INFO] Fold 3: AUC = 0.9382
2025-05-26 05:21:09 [INFO] Fold 4: AUC = 0.9120
2025-05-26 05:21:54 [INFO] Fold 5: AUC = 0.9403
2025-05-26 05:21:54 [INFO] Mean AUC for params {'n_d': 16, 'n_steps': 3, 'cat_emb_dim': 2, 'gamma': 1.5, 'lambda_sparse': 0.0001, 'optimizer_params': {'lr': 0.03}}: 0.9312
2025-05-26 05:21:54 [INFO] Evaluating parameters: {'n_d': 16, 'n_steps': 3, 'cat_emb_dim': 2, 'gamma': 1.5, 'lambda_sparse': 0.0001, 'optimizer_params': {'lr': 0.01}}
2025-05-26 05:22:38 [INFO] Fold 1: AUC = 0.9345
2025-05-26 05:23:23 [INFO] Fold 2: AUC = 0.9486
2025-05-26 05:24:09 [INFO] Fold 3: AUC = 0.9440
2025-05-26 05:24:46 [INFO] Fold 4: AUC = 0.9239
2025-05-26 05:25:31 [INFO] Fold 5: AUC = 0.9369
2025-05-26 05:25:31 [INFO] Mean AUC for params {'n_d': 16, 'n_steps': 3, 'cat_emb_dim': 2, 'gamma': 1.5, 'lambda_sparse': 0.0001, 'optimizer_params': {'lr': 0.01}}: 0.9376
2025-05-26 05:25:31 [INFO] Evaluating parameters: {'n_d': 16, 'n_steps': 3, 'cat_emb_dim': 3, 'gamma': 1.2, 'lambda_sparse': 0.001, 'optimizer_params': {'lr': 0.03}}
2025-05-26 05:26:18 [INFO] Fold 1: AUC = 0.9327
2025-05-26 05:26:37 [INFO] Fold 2: AUC = 0.9365
2025-05-26 05:27:22 [INFO] Fold 3: AUC = 0.9439
2025-05-26 05:28:06 [INFO] Fold 4: AUC = 0.9397
2025-05-26 05:28:44 [INFO] Fold 5: AUC = 0.9352
2025-05-26 05:28:44 [INFO] Mean AUC for params {'n_d': 16, 'n_steps': 3, 'cat_emb_dim': 3, 'gamma': 1.2, 'lambda_sparse': 0.001, 'optimizer_params': {'lr': 0.03}}: 0.9376
2025-05-26 05:28:44 [INFO] Evaluating parameters: {'n_d': 16, 'n_steps': 3, 'cat_emb_dim': 3, 'gamma': 1.2, 'lambda_sparse': 0.001, 'optimizer_params': {'lr': 0.01}}
2025-05-26 05:29:29 [INFO] Fold 1: AUC = 0.9361
2025-05-26 05:30:08 [INFO] Fold 2: AUC = 0.9477
2025-05-26 05:30:54 [INFO] Fold 3: AUC = 0.9462
2025-05-26 05:31:32 [INFO] Fold 4: AUC = 0.9324
2025-05-26 05:32:00 [INFO] Fold 5: AUC = 0.9387
2025-05-26 05:32:00 [INFO] Mean AUC for params {'n_d': 16, 'n_steps': 3, 'cat_emb_dim': 3, 'gamma': 1.2, 'lambda_sparse': 0.001, 'optimizer_params': {'lr': 0.01}}: 0.9402
2025-05-26 05:32:00 [INFO] Evaluating parameters: {'n_d': 16, 'n_steps': 3, 'cat_emb_dim': 3, 'gamma': 1.2, 'lambda_sparse': 0.0001, 'optimizer_params': {'lr': 0.03}}
2025-05-26 05:32:44 [INFO] Fold 1: AUC = 0.9397
2025-05-26 05:33:16 [INFO] Fold 2: AUC = 0.9441
2025-05-26 05:34:01 [INFO] Fold 3: AUC = 0.9442
2025-05-26 05:34:30 [INFO] Fold 4: AUC = 0.9286
2025-05-26 05:35:10 [INFO] Fold 5: AUC = 0.9409
2025-05-26 05:35:10 [INFO] Mean AUC for params {'n_d': 16, 'n_steps': 3, 'cat_emb_dim': 3, 'gamma': 1.2, 'lambda_sparse': 0.0001, 'optimizer_params': {'lr': 0.03}}: 0.9395
2025-05-26 05:35:10 [INFO] Evaluating parameters: {'n_d': 16, 'n_steps': 3, 'cat_emb_dim': 3, 'gamma': 1.2, 'lambda_sparse': 0.0001, 'optimizer_params': {'lr': 0.01}}
2025-05-26 05:35:54 [INFO] Fold 1: AUC = 0.9385
2025-05-26 05:36:41 [INFO] Fold 2: AUC = 0.9499
2025-05-26 05:37:27 [INFO] Fold 3: AUC = 0.9456
2025-05-26 05:38:03 [INFO] Fold 4: AUC = 0.9241
2025-05-26 05:38:32 [INFO] Fold 5: AUC = 0.9387
2025-05-26 05:38:32 [INFO] Mean AUC for params {'n_d': 16, 'n_steps': 3, 'cat_emb_dim': 3, 'gamma': 1.2, 'lambda_sparse': 0.0001, 'optimizer_params': {'lr': 0.01}}: 0.9394
2025-05-26 05:38:32 [INFO] Evaluating parameters: {'n_d': 16, 'n_steps': 3, 'cat_emb_dim': 3, 'gamma': 1.5, 'lambda_sparse': 0.001, 'optimizer_params': {'lr': 0.03}}
2025-05-26 05:39:19 [INFO] Fold 1: AUC = 0.9353
2025-05-26 05:40:04 [INFO] Fold 2: AUC = 0.9479
2025-05-26 05:40:50 [INFO] Fold 3: AUC = 0.9429
2025-05-26 05:41:35 [INFO] Fold 4: AUC = 0.9348
2025-05-26 05:42:05 [INFO] Fold 5: AUC = 0.9295
2025-05-26 05:42:05 [INFO] Mean AUC for params {'n_d': 16, 'n_steps': 3, 'cat_emb_dim': 3, 'gamma': 1.5, 'lambda_sparse': 0.001, 'optimizer_params': {'lr': 0.03}}: 0.9381
2025-05-26 05:42:05 [INFO] Evaluating parameters: {'n_d': 16, 'n_steps': 3, 'cat_emb_dim': 3, 'gamma': 1.5, 'lambda_sparse': 0.001, 'optimizer_params': {'lr': 0.01}}
2025-05-26 05:42:47 [INFO] Fold 1: AUC = 0.9343
2025-05-26 05:43:33 [INFO] Fold 2: AUC = 0.9497
2025-05-26 05:44:04 [INFO] Fold 3: AUC = 0.9314
2025-05-26 05:44:49 [INFO] Fold 4: AUC = 0.9351
2025-05-26 05:45:35 [INFO] Fold 5: AUC = 0.9476
2025-05-26 05:45:35 [INFO] Mean AUC for params {'n_d': 16, 'n_steps': 3, 'cat_emb_dim': 3, 'gamma': 1.5, 'lambda_sparse': 0.001, 'optimizer_params': {'lr': 0.01}}: 0.9396
2025-05-26 05:45:35 [INFO] Evaluating parameters: {'n_d': 16, 'n_steps': 3, 'cat_emb_dim': 3, 'gamma': 1.5, 'lambda_sparse': 0.0001, 'optimizer_params': {'lr': 0.03}}
2025-05-26 05:46:13 [INFO] Fold 1: AUC = 0.9289
2025-05-26 05:46:46 [INFO] Fold 2: AUC = 0.9416
2025-05-26 05:47:30 [INFO] Fold 3: AUC = 0.9437
2025-05-26 05:48:06 [INFO] Fold 4: AUC = 0.9265
2025-05-26 05:48:32 [INFO] Fold 5: AUC = 0.9318
2025-05-26 05:48:32 [INFO] Mean AUC for params {'n_d': 16, 'n_steps': 3, 'cat_emb_dim': 3, 'gamma': 1.5, 'lambda_sparse': 0.0001, 'optimizer_params': {'lr': 0.03}}: 0.9345
2025-05-26 05:48:32 [INFO] Evaluating parameters: {'n_d': 16, 'n_steps': 3, 'cat_emb_dim': 3, 'gamma': 1.5, 'lambda_sparse': 0.0001, 'optimizer_params': {'lr': 0.01}}
2025-05-26 05:49:17 [INFO] Fold 1: AUC = 0.9352
2025-05-26 05:50:01 [INFO] Fold 2: AUC = 0.9521
2025-05-26 05:50:46 [INFO] Fold 3: AUC = 0.9433
2025-05-26 05:51:10 [INFO] Fold 4: AUC = 0.9279
2025-05-26 05:51:56 [INFO] Fold 5: AUC = 0.9443
2025-05-26 05:51:56 [INFO] Mean AUC for params {'n_d': 16, 'n_steps': 3, 'cat_emb_dim': 3, 'gamma': 1.5, 'lambda_sparse': 0.0001, 'optimizer_params': {'lr': 0.01}}: 0.9406
2025-05-26 05:51:56 [INFO] Evaluating parameters: {'n_d': 16, 'n_steps': 5, 'cat_emb_dim': 1, 'gamma': 1.2, 'lambda_sparse': 0.001, 'optimizer_params': {'lr': 0.03}}
2025-05-26 05:52:52 [INFO] Fold 1: AUC = 0.9125
2025-05-26 05:53:58 [INFO] Fold 2: AUC = 0.9376
2025-05-26 05:54:51 [INFO] Fold 3: AUC = 0.9287
2025-05-26 05:55:35 [INFO] Fold 4: AUC = 0.9191
2025-05-26 05:56:40 [INFO] Fold 5: AUC = 0.9360
2025-05-26 05:56:40 [INFO] Mean AUC for params {'n_d': 16, 'n_steps': 5, 'cat_emb_dim': 1, 'gamma': 1.2, 'lambda_sparse': 0.001, 'optimizer_params': {'lr': 0.03}}: 0.9268
2025-05-26 05:56:40 [INFO] Evaluating parameters: {'n_d': 16, 'n_steps': 5, 'cat_emb_dim': 1, 'gamma': 1.2, 'lambda_sparse': 0.001, 'optimizer_params': {'lr': 0.01}}
2025-05-26 05:57:49 [INFO] Fold 1: AUC = 0.9236
2025-05-26 05:58:49 [INFO] Fold 2: AUC = 0.9406
2025-05-26 05:59:45 [INFO] Fold 3: AUC = 0.9296
2025-05-26 06:00:47 [INFO] Fold 4: AUC = 0.9155
2025-05-26 06:01:52 [INFO] Fold 5: AUC = 0.9456
2025-05-26 06:01:52 [INFO] Mean AUC for params {'n_d': 16, 'n_steps': 5, 'cat_emb_dim': 1, 'gamma': 1.2, 'lambda_sparse': 0.001, 'optimizer_params': {'lr': 0.01}}: 0.9310
2025-05-26 06:01:52 [INFO] Evaluating parameters: {'n_d': 16, 'n_steps': 5, 'cat_emb_dim': 1, 'gamma': 1.2, 'lambda_sparse': 0.0001, 'optimizer_params': {'lr': 0.03}}
2025-05-26 06:03:00 [INFO] Fold 1: AUC = 0.9227
2025-05-26 06:03:38 [INFO] Fold 2: AUC = 0.9322
2025-05-26 06:04:16 [INFO] Fold 3: AUC = 0.9208
2025-05-26 06:05:24 [INFO] Fold 4: AUC = 0.9243
2025-05-26 06:06:08 [INFO] Fold 5: AUC = 0.9246
2025-05-26 06:06:08 [INFO] Mean AUC for params {'n_d': 16, 'n_steps': 5, 'cat_emb_dim': 1, 'gamma': 1.2, 'lambda_sparse': 0.0001, 'optimizer_params': {'lr': 0.03}}: 0.9249
2025-05-26 06:06:08 [INFO] Evaluating parameters: {'n_d': 16, 'n_steps': 5, 'cat_emb_dim': 1, 'gamma': 1.2, 'lambda_sparse': 0.0001, 'optimizer_params': {'lr': 0.01}}
2025-05-26 06:07:17 [INFO] Fold 1: AUC = 0.9256
2025-05-26 06:08:23 [INFO] Fold 2: AUC = 0.9444
2025-05-26 06:09:03 [INFO] Fold 3: AUC = 0.9270
2025-05-26 06:09:44 [INFO] Fold 4: AUC = 0.9212
2025-05-26 06:10:50 [INFO] Fold 5: AUC = 0.9340
2025-05-26 06:10:50 [INFO] Mean AUC for params {'n_d': 16, 'n_steps': 5, 'cat_emb_dim': 1, 'gamma': 1.2, 'lambda_sparse': 0.0001, 'optimizer_params': {'lr': 0.01}}: 0.9305
2025-05-26 06:10:50 [INFO] Evaluating parameters: {'n_d': 16, 'n_steps': 5, 'cat_emb_dim': 1, 'gamma': 1.5, 'lambda_sparse': 0.001, 'optimizer_params': {'lr': 0.03}}
2025-05-26 06:11:42 [INFO] Fold 1: AUC = 0.9059
2025-05-26 06:12:48 [INFO] Fold 2: AUC = 0.9402
2025-05-26 06:13:32 [INFO] Fold 3: AUC = 0.9238
2025-05-26 06:14:03 [INFO] Fold 4: AUC = 0.9104
2025-05-26 06:15:10 [INFO] Fold 5: AUC = 0.9280
2025-05-26 06:15:10 [INFO] Mean AUC for params {'n_d': 16, 'n_steps': 5, 'cat_emb_dim': 1, 'gamma': 1.5, 'lambda_sparse': 0.001, 'optimizer_params': {'lr': 0.03}}: 0.9217
2025-05-26 06:15:10 [INFO] Evaluating parameters: {'n_d': 16, 'n_steps': 5, 'cat_emb_dim': 1, 'gamma': 1.5, 'lambda_sparse': 0.001, 'optimizer_params': {'lr': 0.01}}
2025-05-26 06:16:16 [INFO] Fold 1: AUC = 0.9209
2025-05-26 06:16:56 [INFO] Fold 2: AUC = 0.9208
2025-05-26 06:17:44 [INFO] Fold 3: AUC = 0.9253
2025-05-26 06:18:29 [INFO] Fold 4: AUC = 0.9070
2025-05-26 06:19:14 [INFO] Fold 5: AUC = 0.9156
2025-05-26 06:19:14 [INFO] Mean AUC for params {'n_d': 16, 'n_steps': 5, 'cat_emb_dim': 1, 'gamma': 1.5, 'lambda_sparse': 0.001, 'optimizer_params': {'lr': 0.01}}: 0.9179
2025-05-26 06:19:14 [INFO] Evaluating parameters: {'n_d': 16, 'n_steps': 5, 'cat_emb_dim': 1, 'gamma': 1.5, 'lambda_sparse': 0.0001, 'optimizer_params': {'lr': 0.03}}
2025-05-26 06:20:19 [INFO] Fold 1: AUC = 0.9088
2025-05-26 06:21:15 [INFO] Fold 2: AUC = 0.9286
2025-05-26 06:22:06 [INFO] Fold 3: AUC = 0.9201
2025-05-26 06:22:55 [INFO] Fold 4: AUC = 0.9120
2025-05-26 06:24:01 [INFO] Fold 5: AUC = 0.9302
2025-05-26 06:24:01 [INFO] Mean AUC for params {'n_d': 16, 'n_steps': 5, 'cat_emb_dim': 1, 'gamma': 1.5, 'lambda_sparse': 0.0001, 'optimizer_params': {'lr': 0.03}}: 0.9200
2025-05-26 06:24:01 [INFO] Evaluating parameters: {'n_d': 16, 'n_steps': 5, 'cat_emb_dim': 1, 'gamma': 1.5, 'lambda_sparse': 0.0001, 'optimizer_params': {'lr': 0.01}}
2025-05-26 06:24:52 [INFO] Fold 1: AUC = 0.9150
2025-05-26 06:26:00 [INFO] Fold 2: AUC = 0.9349
2025-05-26 06:27:06 [INFO] Fold 3: AUC = 0.9218
2025-05-26 06:28:02 [INFO] Fold 4: AUC = 0.9064
2025-05-26 06:29:07 [INFO] Fold 5: AUC = 0.9275
2025-05-26 06:29:07 [INFO] Mean AUC for params {'n_d': 16, 'n_steps': 5, 'cat_emb_dim': 1, 'gamma': 1.5, 'lambda_sparse': 0.0001, 'optimizer_params': {'lr': 0.01}}: 0.9211
2025-05-26 06:29:07 [INFO] Evaluating parameters: {'n_d': 16, 'n_steps': 5, 'cat_emb_dim': 2, 'gamma': 1.2, 'lambda_sparse': 0.001, 'optimizer_params': {'lr': 0.03}}
2025-05-26 06:30:14 [INFO] Fold 1: AUC = 0.9184
2025-05-26 06:31:17 [INFO] Fold 2: AUC = 0.9311
2025-05-26 06:31:57 [INFO] Fold 3: AUC = 0.9259
2025-05-26 06:33:01 [INFO] Fold 4: AUC = 0.9220
2025-05-26 06:34:01 [INFO] Fold 5: AUC = 0.9303
2025-05-26 06:34:01 [INFO] Mean AUC for params {'n_d': 16, 'n_steps': 5, 'cat_emb_dim': 2, 'gamma': 1.2, 'lambda_sparse': 0.001, 'optimizer_params': {'lr': 0.03}}: 0.9255
2025-05-26 06:34:01 [INFO] Evaluating parameters: {'n_d': 16, 'n_steps': 5, 'cat_emb_dim': 2, 'gamma': 1.2, 'lambda_sparse': 0.001, 'optimizer_params': {'lr': 0.01}}
2025-05-26 06:35:10 [INFO] Fold 1: AUC = 0.9247
2025-05-26 06:36:18 [INFO] Fold 2: AUC = 0.9402
2025-05-26 06:37:25 [INFO] Fold 3: AUC = 0.9282
2025-05-26 06:38:00 [INFO] Fold 4: AUC = 0.9150
2025-05-26 06:38:45 [INFO] Fold 5: AUC = 0.9297
2025-05-26 06:38:45 [INFO] Mean AUC for params {'n_d': 16, 'n_steps': 5, 'cat_emb_dim': 2, 'gamma': 1.2, 'lambda_sparse': 0.001, 'optimizer_params': {'lr': 0.01}}: 0.9275
2025-05-26 06:38:45 [INFO] Evaluating parameters: {'n_d': 16, 'n_steps': 5, 'cat_emb_dim': 2, 'gamma': 1.2, 'lambda_sparse': 0.0001, 'optimizer_params': {'lr': 0.03}}
2025-05-26 06:39:22 [INFO] Fold 1: AUC = 0.9086
2025-05-26 06:40:31 [INFO] Fold 2: AUC = 0.9390
2025-05-26 06:41:21 [INFO] Fold 3: AUC = 0.9241
2025-05-26 06:42:03 [INFO] Fold 4: AUC = 0.9129
2025-05-26 06:43:11 [INFO] Fold 5: AUC = 0.9374
2025-05-26 06:43:11 [INFO] Mean AUC for params {'n_d': 16, 'n_steps': 5, 'cat_emb_dim': 2, 'gamma': 1.2, 'lambda_sparse': 0.0001, 'optimizer_params': {'lr': 0.03}}: 0.9244
2025-05-26 06:43:11 [INFO] Evaluating parameters: {'n_d': 16, 'n_steps': 5, 'cat_emb_dim': 2, 'gamma': 1.2, 'lambda_sparse': 0.0001, 'optimizer_params': {'lr': 0.01}}
2025-05-26 06:43:47 [INFO] Fold 1: AUC = 0.9196
2025-05-26 06:44:25 [INFO] Fold 2: AUC = 0.9275
2025-05-26 06:45:11 [INFO] Fold 3: AUC = 0.9276
2025-05-26 06:46:16 [INFO] Fold 4: AUC = 0.9246
2025-05-26 06:47:22 [INFO] Fold 5: AUC = 0.9378
2025-05-26 06:47:22 [INFO] Mean AUC for params {'n_d': 16, 'n_steps': 5, 'cat_emb_dim': 2, 'gamma': 1.2, 'lambda_sparse': 0.0001, 'optimizer_params': {'lr': 0.01}}: 0.9274
2025-05-26 06:47:22 [INFO] Evaluating parameters: {'n_d': 16, 'n_steps': 5, 'cat_emb_dim': 2, 'gamma': 1.5, 'lambda_sparse': 0.001, 'optimizer_params': {'lr': 0.03}}
2025-05-26 06:48:28 [INFO] Fold 1: AUC = 0.9216
2025-05-26 06:49:35 [INFO] Fold 2: AUC = 0.9295
2025-05-26 06:50:16 [INFO] Fold 3: AUC = 0.9177
2025-05-26 06:50:47 [INFO] Fold 4: AUC = 0.9005
2025-05-26 06:51:30 [INFO] Fold 5: AUC = 0.9235
2025-05-26 06:51:30 [INFO] Mean AUC for params {'n_d': 16, 'n_steps': 5, 'cat_emb_dim': 2, 'gamma': 1.5, 'lambda_sparse': 0.001, 'optimizer_params': {'lr': 0.03}}: 0.9186
2025-05-26 06:51:30 [INFO] Evaluating parameters: {'n_d': 16, 'n_steps': 5, 'cat_emb_dim': 2, 'gamma': 1.5, 'lambda_sparse': 0.001, 'optimizer_params': {'lr': 0.01}}
2025-05-26 06:52:18 [INFO] Fold 1: AUC = 0.9110
2025-05-26 06:52:55 [INFO] Fold 2: AUC = 0.9284
2025-05-26 06:53:44 [INFO] Fold 3: AUC = 0.9217
2025-05-26 06:54:21 [INFO] Fold 4: AUC = 0.9108
2025-05-26 06:55:28 [INFO] Fold 5: AUC = 0.9298
2025-05-26 06:55:28 [INFO] Mean AUC for params {'n_d': 16, 'n_steps': 5, 'cat_emb_dim': 2, 'gamma': 1.5, 'lambda_sparse': 0.001, 'optimizer_params': {'lr': 0.01}}: 0.9203
2025-05-26 06:55:28 [INFO] Evaluating parameters: {'n_d': 16, 'n_steps': 5, 'cat_emb_dim': 2, 'gamma': 1.5, 'lambda_sparse': 0.0001, 'optimizer_params': {'lr': 0.03}}
2025-05-26 06:56:08 [INFO] Fold 1: AUC = 0.9006
2025-05-26 06:57:14 [INFO] Fold 2: AUC = 0.9387
2025-05-26 06:57:53 [INFO] Fold 3: AUC = 0.9146
2025-05-26 06:58:53 [INFO] Fold 4: AUC = 0.9122
2025-05-26 06:59:23 [INFO] Fold 5: AUC = 0.9102
2025-05-26 06:59:23 [INFO] Mean AUC for params {'n_d': 16, 'n_steps': 5, 'cat_emb_dim': 2, 'gamma': 1.5, 'lambda_sparse': 0.0001, 'optimizer_params': {'lr': 0.03}}: 0.9153
2025-05-26 06:59:23 [INFO] Evaluating parameters: {'n_d': 16, 'n_steps': 5, 'cat_emb_dim': 2, 'gamma': 1.5, 'lambda_sparse': 0.0001, 'optimizer_params': {'lr': 0.01}}
2025-05-26 07:00:05 [INFO] Fold 1: AUC = 0.9029
2025-05-26 07:00:57 [INFO] Fold 2: AUC = 0.9369
2025-05-26 07:01:49 [INFO] Fold 3: AUC = 0.9126
2025-05-26 07:02:23 [INFO] Fold 4: AUC = 0.9032
2025-05-26 07:03:00 [INFO] Fold 5: AUC = 0.9129
2025-05-26 07:03:00 [INFO] Mean AUC for params {'n_d': 16, 'n_steps': 5, 'cat_emb_dim': 2, 'gamma': 1.5, 'lambda_sparse': 0.0001, 'optimizer_params': {'lr': 0.01}}: 0.9137
2025-05-26 07:03:00 [INFO] Evaluating parameters: {'n_d': 16, 'n_steps': 5, 'cat_emb_dim': 3, 'gamma': 1.2, 'lambda_sparse': 0.001, 'optimizer_params': {'lr': 0.03}}
2025-05-26 07:04:06 [INFO] Fold 1: AUC = 0.9227
2025-05-26 07:05:13 [INFO] Fold 2: AUC = 0.9377
2025-05-26 07:06:20 [INFO] Fold 3: AUC = 0.9306
2025-05-26 07:07:26 [INFO] Fold 4: AUC = 0.9117
2025-05-26 07:08:14 [INFO] Fold 5: AUC = 0.9282
2025-05-26 07:08:14 [INFO] Mean AUC for params {'n_d': 16, 'n_steps': 5, 'cat_emb_dim': 3, 'gamma': 1.2, 'lambda_sparse': 0.001, 'optimizer_params': {'lr': 0.03}}: 0.9262
2025-05-26 07:08:14 [INFO] Evaluating parameters: {'n_d': 16, 'n_steps': 5, 'cat_emb_dim': 3, 'gamma': 1.2, 'lambda_sparse': 0.001, 'optimizer_params': {'lr': 0.01}}
2025-05-26 07:09:19 [INFO] Fold 1: AUC = 0.9257
2025-05-26 07:10:24 [INFO] Fold 2: AUC = 0.9413
2025-05-26 07:11:30 [INFO] Fold 3: AUC = 0.9335
2025-05-26 07:12:40 [INFO] Fold 4: AUC = 0.9277
2025-05-26 07:13:47 [INFO] Fold 5: AUC = 0.9351
2025-05-26 07:13:47 [INFO] Mean AUC for params {'n_d': 16, 'n_steps': 5, 'cat_emb_dim': 3, 'gamma': 1.2, 'lambda_sparse': 0.001, 'optimizer_params': {'lr': 0.01}}: 0.9326
2025-05-26 07:13:47 [INFO] Evaluating parameters: {'n_d': 16, 'n_steps': 5, 'cat_emb_dim': 3, 'gamma': 1.2, 'lambda_sparse': 0.0001, 'optimizer_params': {'lr': 0.03}}
2025-05-26 07:14:26 [INFO] Fold 1: AUC = 0.9141
2025-05-26 07:15:30 [INFO] Fold 2: AUC = 0.9380
2025-05-26 07:16:05 [INFO] Fold 3: AUC = 0.9251
2025-05-26 07:16:49 [INFO] Fold 4: AUC = 0.9159
2025-05-26 07:17:27 [INFO] Fold 5: AUC = 0.9198
2025-05-26 07:17:27 [INFO] Mean AUC for params {'n_d': 16, 'n_steps': 5, 'cat_emb_dim': 3, 'gamma': 1.2, 'lambda_sparse': 0.0001, 'optimizer_params': {'lr': 0.03}}: 0.9226
2025-05-26 07:17:27 [INFO] Evaluating parameters: {'n_d': 16, 'n_steps': 5, 'cat_emb_dim': 3, 'gamma': 1.2, 'lambda_sparse': 0.0001, 'optimizer_params': {'lr': 0.01}}
2025-05-26 07:18:19 [INFO] Fold 1: AUC = 0.9281
2025-05-26 07:18:59 [INFO] Fold 2: AUC = 0.9335
2025-05-26 07:20:08 [INFO] Fold 3: AUC = 0.9394
2025-05-26 07:21:13 [INFO] Fold 4: AUC = 0.9222
2025-05-26 07:22:18 [INFO] Fold 5: AUC = 0.9329
2025-05-26 07:22:18 [INFO] Mean AUC for params {'n_d': 16, 'n_steps': 5, 'cat_emb_dim': 3, 'gamma': 1.2, 'lambda_sparse': 0.0001, 'optimizer_params': {'lr': 0.01}}: 0.9312
2025-05-26 07:22:18 [INFO] Evaluating parameters: {'n_d': 16, 'n_steps': 5, 'cat_emb_dim': 3, 'gamma': 1.5, 'lambda_sparse': 0.001, 'optimizer_params': {'lr': 0.03}}
2025-05-26 07:23:27 [INFO] Fold 1: AUC = 0.9223
2025-05-26 07:24:10 [INFO] Fold 2: AUC = 0.9244
2025-05-26 07:25:19 [INFO] Fold 3: AUC = 0.9215
2025-05-26 07:26:01 [INFO] Fold 4: AUC = 0.9060
2025-05-26 07:26:38 [INFO] Fold 5: AUC = 0.9136
2025-05-26 07:26:38 [INFO] Mean AUC for params {'n_d': 16, 'n_steps': 5, 'cat_emb_dim': 3, 'gamma': 1.5, 'lambda_sparse': 0.001, 'optimizer_params': {'lr': 0.03}}: 0.9176
2025-05-26 07:26:38 [INFO] Evaluating parameters: {'n_d': 16, 'n_steps': 5, 'cat_emb_dim': 3, 'gamma': 1.5, 'lambda_sparse': 0.001, 'optimizer_params': {'lr': 0.01}}
2025-05-26 07:27:44 [INFO] Fold 1: AUC = 0.9165
2025-05-26 07:28:41 [INFO] Fold 2: AUC = 0.9247
2025-05-26 07:29:43 [INFO] Fold 3: AUC = 0.9282
2025-05-26 07:30:28 [INFO] Fold 4: AUC = 0.9135
2025-05-26 07:31:33 [INFO] Fold 5: AUC = 0.9294
2025-05-26 07:31:33 [INFO] Mean AUC for params {'n_d': 16, 'n_steps': 5, 'cat_emb_dim': 3, 'gamma': 1.5, 'lambda_sparse': 0.001, 'optimizer_params': {'lr': 0.01}}: 0.9225
2025-05-26 07:31:33 [INFO] Evaluating parameters: {'n_d': 16, 'n_steps': 5, 'cat_emb_dim': 3, 'gamma': 1.5, 'lambda_sparse': 0.0001, 'optimizer_params': {'lr': 0.03}}
2025-05-26 07:32:09 [INFO] Fold 1: AUC = 0.9002
2025-05-26 07:32:35 [INFO] Fold 2: AUC = 0.9247
2025-05-26 07:33:28 [INFO] Fold 3: AUC = 0.9162
2025-05-26 07:33:57 [INFO] Fold 4: AUC = 0.9045
2025-05-26 07:35:02 [INFO] Fold 5: AUC = 0.9251
2025-05-26 07:35:02 [INFO] Mean AUC for params {'n_d': 16, 'n_steps': 5, 'cat_emb_dim': 3, 'gamma': 1.5, 'lambda_sparse': 0.0001, 'optimizer_params': {'lr': 0.03}}: 0.9141
2025-05-26 07:35:02 [INFO] Evaluating parameters: {'n_d': 16, 'n_steps': 5, 'cat_emb_dim': 3, 'gamma': 1.5, 'lambda_sparse': 0.0001, 'optimizer_params': {'lr': 0.01}}
2025-05-26 07:35:56 [INFO] Fold 1: AUC = 0.9032
2025-05-26 07:36:32 [INFO] Fold 2: AUC = 0.9232
2025-05-26 07:37:10 [INFO] Fold 3: AUC = 0.9145
2025-05-26 07:38:18 [INFO] Fold 4: AUC = 0.9137
2025-05-26 07:39:20 [INFO] Fold 5: AUC = 0.9198
2025-05-26 07:39:20 [INFO] Mean AUC for params {'n_d': 16, 'n_steps': 5, 'cat_emb_dim': 3, 'gamma': 1.5, 'lambda_sparse': 0.0001, 'optimizer_params': {'lr': 0.01}}: 0.9149
2025-05-26 07:39:20 [INFO] Evaluating parameters: {'n_d': 32, 'n_steps': 3, 'cat_emb_dim': 1, 'gamma': 1.2, 'lambda_sparse': 0.001, 'optimizer_params': {'lr': 0.03}}
2025-05-26 07:40:00 [INFO] Fold 1: AUC = 0.9289
2025-05-26 07:40:39 [INFO] Fold 2: AUC = 0.9496
2025-05-26 07:41:16 [INFO] Fold 3: AUC = 0.9361
2025-05-26 07:42:02 [INFO] Fold 4: AUC = 0.9347
2025-05-26 07:42:37 [INFO] Fold 5: AUC = 0.9378
2025-05-26 07:42:37 [INFO] Mean AUC for params {'n_d': 32, 'n_steps': 3, 'cat_emb_dim': 1, 'gamma': 1.2, 'lambda_sparse': 0.001, 'optimizer_params': {'lr': 0.03}}: 0.9374
2025-05-26 07:42:37 [INFO] Evaluating parameters: {'n_d': 32, 'n_steps': 3, 'cat_emb_dim': 1, 'gamma': 1.2, 'lambda_sparse': 0.001, 'optimizer_params': {'lr': 0.01}}
2025-05-26 07:43:25 [INFO] Fold 1: AUC = 0.9401
2025-05-26 07:44:08 [INFO] Fold 2: AUC = 0.9517
2025-05-26 07:44:54 [INFO] Fold 3: AUC = 0.9457
2025-05-26 07:45:41 [INFO] Fold 4: AUC = 0.9282
2025-05-26 07:46:11 [INFO] Fold 5: AUC = 0.9306
2025-05-26 07:46:11 [INFO] Mean AUC for params {'n_d': 32, 'n_steps': 3, 'cat_emb_dim': 1, 'gamma': 1.2, 'lambda_sparse': 0.001, 'optimizer_params': {'lr': 0.01}}: 0.9393
2025-05-26 07:46:11 [INFO] Evaluating parameters: {'n_d': 32, 'n_steps': 3, 'cat_emb_dim': 1, 'gamma': 1.2, 'lambda_sparse': 0.0001, 'optimizer_params': {'lr': 0.03}}
2025-05-26 07:46:43 [INFO] Fold 1: AUC = 0.9296
2025-05-26 07:47:30 [INFO] Fold 2: AUC = 0.9469
2025-05-26 07:48:02 [INFO] Fold 3: AUC = 0.9374
2025-05-26 07:48:42 [INFO] Fold 4: AUC = 0.9323
2025-05-26 07:49:26 [INFO] Fold 5: AUC = 0.9350
2025-05-26 07:49:26 [INFO] Mean AUC for params {'n_d': 32, 'n_steps': 3, 'cat_emb_dim': 1, 'gamma': 1.2, 'lambda_sparse': 0.0001, 'optimizer_params': {'lr': 0.03}}: 0.9362
2025-05-26 07:49:26 [INFO] Evaluating parameters: {'n_d': 32, 'n_steps': 3, 'cat_emb_dim': 1, 'gamma': 1.2, 'lambda_sparse': 0.0001, 'optimizer_params': {'lr': 0.01}}
2025-05-26 07:50:12 [INFO] Fold 1: AUC = 0.9387
2025-05-26 07:51:00 [INFO] Fold 2: AUC = 0.9442
2025-05-26 07:51:29 [INFO] Fold 3: AUC = 0.9301
2025-05-26 07:52:10 [INFO] Fold 4: AUC = 0.9365
2025-05-26 07:52:52 [INFO] Fold 5: AUC = 0.9424
2025-05-26 07:52:52 [INFO] Mean AUC for params {'n_d': 32, 'n_steps': 3, 'cat_emb_dim': 1, 'gamma': 1.2, 'lambda_sparse': 0.0001, 'optimizer_params': {'lr': 0.01}}: 0.9384
2025-05-26 07:52:52 [INFO] Evaluating parameters: {'n_d': 32, 'n_steps': 3, 'cat_emb_dim': 1, 'gamma': 1.5, 'lambda_sparse': 0.001, 'optimizer_params': {'lr': 0.03}}
2025-05-26 07:53:24 [INFO] Fold 1: AUC = 0.9249
2025-05-26 07:54:06 [INFO] Fold 2: AUC = 0.9422
2025-05-26 07:54:51 [INFO] Fold 3: AUC = 0.9425
2025-05-26 07:55:17 [INFO] Fold 4: AUC = 0.9207
2025-05-26 07:55:50 [INFO] Fold 5: AUC = 0.9348
2025-05-26 07:55:50 [INFO] Mean AUC for params {'n_d': 32, 'n_steps': 3, 'cat_emb_dim': 1, 'gamma': 1.5, 'lambda_sparse': 0.001, 'optimizer_params': {'lr': 0.03}}: 0.9330
2025-05-26 07:55:50 [INFO] Evaluating parameters: {'n_d': 32, 'n_steps': 3, 'cat_emb_dim': 1, 'gamma': 1.5, 'lambda_sparse': 0.001, 'optimizer_params': {'lr': 0.01}}
2025-05-26 07:56:29 [INFO] Fold 1: AUC = 0.9237
2025-05-26 07:57:10 [INFO] Fold 2: AUC = 0.9411
2025-05-26 07:57:54 [INFO] Fold 3: AUC = 0.9439
2025-05-26 07:58:40 [INFO] Fold 4: AUC = 0.9236
2025-05-26 07:59:10 [INFO] Fold 5: AUC = 0.9390
2025-05-26 07:59:10 [INFO] Mean AUC for params {'n_d': 32, 'n_steps': 3, 'cat_emb_dim': 1, 'gamma': 1.5, 'lambda_sparse': 0.001, 'optimizer_params': {'lr': 0.01}}: 0.9343
2025-05-26 07:59:10 [INFO] Evaluating parameters: {'n_d': 32, 'n_steps': 3, 'cat_emb_dim': 1, 'gamma': 1.5, 'lambda_sparse': 0.0001, 'optimizer_params': {'lr': 0.03}}
2025-05-26 07:59:40 [INFO] Fold 1: AUC = 0.9318
2025-05-26 08:00:07 [INFO] Fold 2: AUC = 0.9327
2025-05-26 08:00:33 [INFO] Fold 3: AUC = 0.9185
2025-05-26 08:01:19 [INFO] Fold 4: AUC = 0.9386
2025-05-26 08:01:46 [INFO] Fold 5: AUC = 0.9257
2025-05-26 08:01:46 [INFO] Mean AUC for params {'n_d': 32, 'n_steps': 3, 'cat_emb_dim': 1, 'gamma': 1.5, 'lambda_sparse': 0.0001, 'optimizer_params': {'lr': 0.03}}: 0.9294
2025-05-26 08:01:46 [INFO] Evaluating parameters: {'n_d': 32, 'n_steps': 3, 'cat_emb_dim': 1, 'gamma': 1.5, 'lambda_sparse': 0.0001, 'optimizer_params': {'lr': 0.01}}
2025-05-26 08:02:34 [INFO] Fold 1: AUC = 0.9416
2025-05-26 08:03:20 [INFO] Fold 2: AUC = 0.9445
2025-05-26 08:03:52 [INFO] Fold 3: AUC = 0.9363
2025-05-26 08:04:33 [INFO] Fold 4: AUC = 0.9316
2025-05-26 08:05:12 [INFO] Fold 5: AUC = 0.9378
2025-05-26 08:05:12 [INFO] Mean AUC for params {'n_d': 32, 'n_steps': 3, 'cat_emb_dim': 1, 'gamma': 1.5, 'lambda_sparse': 0.0001, 'optimizer_params': {'lr': 0.01}}: 0.9383
2025-05-26 08:05:12 [INFO] Evaluating parameters: {'n_d': 32, 'n_steps': 3, 'cat_emb_dim': 2, 'gamma': 1.2, 'lambda_sparse': 0.001, 'optimizer_params': {'lr': 0.03}}
2025-05-26 08:05:56 [INFO] Fold 1: AUC = 0.9418
2025-05-26 08:06:41 [INFO] Fold 2: AUC = 0.9506
2025-05-26 08:07:26 [INFO] Fold 3: AUC = 0.9466
2025-05-26 08:07:58 [INFO] Fold 4: AUC = 0.9304
2025-05-26 08:08:41 [INFO] Fold 5: AUC = 0.9446
2025-05-26 08:08:41 [INFO] Mean AUC for params {'n_d': 32, 'n_steps': 3, 'cat_emb_dim': 2, 'gamma': 1.2, 'lambda_sparse': 0.001, 'optimizer_params': {'lr': 0.03}}: 0.9428
2025-05-26 08:08:41 [INFO] Evaluating parameters: {'n_d': 32, 'n_steps': 3, 'cat_emb_dim': 2, 'gamma': 1.2, 'lambda_sparse': 0.001, 'optimizer_params': {'lr': 0.01}}
2025-05-26 08:09:23 [INFO] Fold 1: AUC = 0.9431
2025-05-26 08:10:06 [INFO] Fold 2: AUC = 0.9528
2025-05-26 08:10:49 [INFO] Fold 3: AUC = 0.9457
2025-05-26 08:11:23 [INFO] Fold 4: AUC = 0.9315
2025-05-26 08:12:06 [INFO] Fold 5: AUC = 0.9422
2025-05-26 08:12:06 [INFO] Mean AUC for params {'n_d': 32, 'n_steps': 3, 'cat_emb_dim': 2, 'gamma': 1.2, 'lambda_sparse': 0.001, 'optimizer_params': {'lr': 0.01}}: 0.9431
2025-05-26 08:12:06 [INFO] Evaluating parameters: {'n_d': 32, 'n_steps': 3, 'cat_emb_dim': 2, 'gamma': 1.2, 'lambda_sparse': 0.0001, 'optimizer_params': {'lr': 0.03}}
2025-05-26 08:12:48 [INFO] Fold 1: AUC = 0.9334
2025-05-26 08:13:26 [INFO] Fold 2: AUC = 0.9491
2025-05-26 08:14:09 [INFO] Fold 3: AUC = 0.9422
2025-05-26 08:14:45 [INFO] Fold 4: AUC = 0.9238
2025-05-26 08:15:28 [INFO] Fold 5: AUC = 0.9467
2025-05-26 08:15:28 [INFO] Mean AUC for params {'n_d': 32, 'n_steps': 3, 'cat_emb_dim': 2, 'gamma': 1.2, 'lambda_sparse': 0.0001, 'optimizer_params': {'lr': 0.03}}: 0.9390
2025-05-26 08:15:28 [INFO] Evaluating parameters: {'n_d': 32, 'n_steps': 3, 'cat_emb_dim': 2, 'gamma': 1.2, 'lambda_sparse': 0.0001, 'optimizer_params': {'lr': 0.01}}
2025-05-26 08:16:08 [INFO] Fold 1: AUC = 0.9344
2025-05-26 08:16:51 [INFO] Fold 2: AUC = 0.9491
2025-05-26 08:17:21 [INFO] Fold 3: AUC = 0.9357
2025-05-26 08:18:17 [INFO] Fold 4: AUC = 0.9406
2025-05-26 08:19:52 [INFO] Fold 5: AUC = 0.9462
2025-05-26 08:19:52 [INFO] Mean AUC for params {'n_d': 32, 'n_steps': 3, 'cat_emb_dim': 2, 'gamma': 1.2, 'lambda_sparse': 0.0001, 'optimizer_params': {'lr': 0.01}}: 0.9412
2025-05-26 08:19:52 [INFO] Evaluating parameters: {'n_d': 32, 'n_steps': 3, 'cat_emb_dim': 2, 'gamma': 1.5, 'lambda_sparse': 0.001, 'optimizer_params': {'lr': 0.03}}
2025-05-26 08:21:28 [INFO] Fold 1: AUC = 0.9363
2025-05-26 08:22:21 [INFO] Fold 2: AUC = 0.9304
2025-05-26 08:23:47 [INFO] Fold 3: AUC = 0.9346
2025-05-26 08:25:01 [INFO] Fold 4: AUC = 0.9279
2025-05-26 08:26:35 [INFO] Fold 5: AUC = 0.9398
2025-05-26 08:26:35 [INFO] Mean AUC for params {'n_d': 32, 'n_steps': 3, 'cat_emb_dim': 2, 'gamma': 1.5, 'lambda_sparse': 0.001, 'optimizer_params': {'lr': 0.03}}: 0.9338
2025-05-26 08:26:35 [INFO] Evaluating parameters: {'n_d': 32, 'n_steps': 3, 'cat_emb_dim': 2, 'gamma': 1.5, 'lambda_sparse': 0.001, 'optimizer_params': {'lr': 0.01}}
2025-05-26 08:28:10 [INFO] Fold 1: AUC = 0.9362
2025-05-26 08:29:46 [INFO] Fold 2: AUC = 0.9484
2025-05-26 08:31:21 [INFO] Fold 3: AUC = 0.9435
2025-05-26 08:32:56 [INFO] Fold 4: AUC = 0.9306
2025-05-26 08:34:32 [INFO] Fold 5: AUC = 0.9472
2025-05-26 08:34:32 [INFO] Mean AUC for params {'n_d': 32, 'n_steps': 3, 'cat_emb_dim': 2, 'gamma': 1.5, 'lambda_sparse': 0.001, 'optimizer_params': {'lr': 0.01}}: 0.9412
2025-05-26 08:34:32 [INFO] Evaluating parameters: {'n_d': 32, 'n_steps': 3, 'cat_emb_dim': 2, 'gamma': 1.5, 'lambda_sparse': 0.0001, 'optimizer_params': {'lr': 0.03}}
2025-05-26 08:36:07 [INFO] Fold 1: AUC = 0.9287
2025-05-26 08:37:21 [INFO] Fold 2: AUC = 0.9354
2025-05-26 08:38:58 [INFO] Fold 3: AUC = 0.9420
2025-05-26 08:40:34 [INFO] Fold 4: AUC = 0.9360
2025-05-26 08:42:09 [INFO] Fold 5: AUC = 0.9397
2025-05-26 08:42:09 [INFO] Mean AUC for params {'n_d': 32, 'n_steps': 3, 'cat_emb_dim': 2, 'gamma': 1.5, 'lambda_sparse': 0.0001, 'optimizer_params': {'lr': 0.03}}: 0.9363
2025-05-26 08:42:09 [INFO] Evaluating parameters: {'n_d': 32, 'n_steps': 3, 'cat_emb_dim': 2, 'gamma': 1.5, 'lambda_sparse': 0.0001, 'optimizer_params': {'lr': 0.01}}
2025-05-26 08:43:44 [INFO] Fold 1: AUC = 0.9355
2025-05-26 08:45:20 [INFO] Fold 2: AUC = 0.9483
2025-05-26 08:46:28 [INFO] Fold 3: AUC = 0.9344
2025-05-26 08:48:04 [INFO] Fold 4: AUC = 0.9366
2025-05-26 08:49:27 [INFO] Fold 5: AUC = 0.9420
2025-05-26 08:49:27 [INFO] Mean AUC for params {'n_d': 32, 'n_steps': 3, 'cat_emb_dim': 2, 'gamma': 1.5, 'lambda_sparse': 0.0001, 'optimizer_params': {'lr': 0.01}}: 0.9393
2025-05-26 08:49:27 [INFO] Evaluating parameters: {'n_d': 32, 'n_steps': 3, 'cat_emb_dim': 3, 'gamma': 1.2, 'lambda_sparse': 0.001, 'optimizer_params': {'lr': 0.03}}
2025-05-26 08:51:02 [INFO] Fold 1: AUC = 0.9388
2025-05-26 08:52:09 [INFO] Fold 2: AUC = 0.9423
2025-05-26 08:53:01 [INFO] Fold 3: AUC = 0.9323
2025-05-26 08:54:38 [INFO] Fold 4: AUC = 0.9276
2025-05-26 08:56:13 [INFO] Fold 5: AUC = 0.9420
2025-05-26 08:56:13 [INFO] Mean AUC for params {'n_d': 32, 'n_steps': 3, 'cat_emb_dim': 3, 'gamma': 1.2, 'lambda_sparse': 0.001, 'optimizer_params': {'lr': 0.03}}: 0.9366
2025-05-26 08:56:13 [INFO] Evaluating parameters: {'n_d': 32, 'n_steps': 3, 'cat_emb_dim': 3, 'gamma': 1.2, 'lambda_sparse': 0.001, 'optimizer_params': {'lr': 0.01}}
2025-05-26 08:57:48 [INFO] Fold 1: AUC = 0.9323
2025-05-26 08:59:13 [INFO] Fold 2: AUC = 0.9509
2025-05-26 09:00:48 [INFO] Fold 3: AUC = 0.9493
2025-05-26 09:02:22 [INFO] Fold 4: AUC = 0.9381
2025-05-26 09:03:41 [INFO] Fold 5: AUC = 0.9425
2025-05-26 09:03:41 [INFO] Mean AUC for params {'n_d': 32, 'n_steps': 3, 'cat_emb_dim': 3, 'gamma': 1.2, 'lambda_sparse': 0.001, 'optimizer_params': {'lr': 0.01}}: 0.9426
2025-05-26 09:03:41 [INFO] Evaluating parameters: {'n_d': 32, 'n_steps': 3, 'cat_emb_dim': 3, 'gamma': 1.2, 'lambda_sparse': 0.0001, 'optimizer_params': {'lr': 0.03}}
2025-05-26 09:05:15 [INFO] Fold 1: AUC = 0.9391
2025-05-26 09:06:37 [INFO] Fold 2: AUC = 0.9483
2025-05-26 09:08:11 [INFO] Fold 3: AUC = 0.9485
2025-05-26 09:09:28 [INFO] Fold 4: AUC = 0.9319
2025-05-26 09:10:53 [INFO] Fold 5: AUC = 0.9458
2025-05-26 09:10:53 [INFO] Mean AUC for params {'n_d': 32, 'n_steps': 3, 'cat_emb_dim': 3, 'gamma': 1.2, 'lambda_sparse': 0.0001, 'optimizer_params': {'lr': 0.03}}: 0.9427
2025-05-26 09:10:53 [INFO] Evaluating parameters: {'n_d': 32, 'n_steps': 3, 'cat_emb_dim': 3, 'gamma': 1.2, 'lambda_sparse': 0.0001, 'optimizer_params': {'lr': 0.01}}
2025-05-26 09:12:26 [INFO] Fold 1: AUC = 0.9363
2025-05-26 09:13:33 [INFO] Fold 2: AUC = 0.9455
2025-05-26 09:15:08 [INFO] Fold 3: AUC = 0.9531
2025-05-26 09:16:43 [INFO] Fold 4: AUC = 0.9322
2025-05-26 09:18:12 [INFO] Fold 5: AUC = 0.9474
2025-05-26 09:18:12 [INFO] Mean AUC for params {'n_d': 32, 'n_steps': 3, 'cat_emb_dim': 3, 'gamma': 1.2, 'lambda_sparse': 0.0001, 'optimizer_params': {'lr': 0.01}}: 0.9429
2025-05-26 09:18:12 [INFO] Evaluating parameters: {'n_d': 32, 'n_steps': 3, 'cat_emb_dim': 3, 'gamma': 1.5, 'lambda_sparse': 0.001, 'optimizer_params': {'lr': 0.03}}
2025-05-26 09:18:54 [INFO] Fold 1: AUC = 0.9366
2025-05-26 09:19:37 [INFO] Fold 2: AUC = 0.9592
2025-05-26 09:20:19 [INFO] Fold 3: AUC = 0.9438
2025-05-26 09:21:02 [INFO] Fold 4: AUC = 0.9275
2025-05-26 09:21:31 [INFO] Fold 5: AUC = 0.9385
2025-05-26 09:21:31 [INFO] Mean AUC for params {'n_d': 32, 'n_steps': 3, 'cat_emb_dim': 3, 'gamma': 1.5, 'lambda_sparse': 0.001, 'optimizer_params': {'lr': 0.03}}: 0.9411
2025-05-26 09:21:31 [INFO] Evaluating parameters: {'n_d': 32, 'n_steps': 3, 'cat_emb_dim': 3, 'gamma': 1.5, 'lambda_sparse': 0.001, 'optimizer_params': {'lr': 0.01}}
2025-05-26 09:22:12 [INFO] Fold 1: AUC = 0.9357
2025-05-26 09:22:54 [INFO] Fold 2: AUC = 0.9576
2025-05-26 09:23:37 [INFO] Fold 3: AUC = 0.9434
2025-05-26 09:24:19 [INFO] Fold 4: AUC = 0.9354
2025-05-26 09:25:02 [INFO] Fold 5: AUC = 0.9435
2025-05-26 09:25:02 [INFO] Mean AUC for params {'n_d': 32, 'n_steps': 3, 'cat_emb_dim': 3, 'gamma': 1.5, 'lambda_sparse': 0.001, 'optimizer_params': {'lr': 0.01}}: 0.9431
2025-05-26 09:25:02 [INFO] Evaluating parameters: {'n_d': 32, 'n_steps': 3, 'cat_emb_dim': 3, 'gamma': 1.5, 'lambda_sparse': 0.0001, 'optimizer_params': {'lr': 0.03}}
2025-05-26 09:25:45 [INFO] Fold 1: AUC = 0.9348
2025-05-26 09:26:16 [INFO] Fold 2: AUC = 0.9391
2025-05-26 09:26:58 [INFO] Fold 3: AUC = 0.9479
2025-05-26 09:27:40 [INFO] Fold 4: AUC = 0.9328
2025-05-26 09:28:22 [INFO] Fold 5: AUC = 0.9487
2025-05-26 09:28:22 [INFO] Mean AUC for params {'n_d': 32, 'n_steps': 3, 'cat_emb_dim': 3, 'gamma': 1.5, 'lambda_sparse': 0.0001, 'optimizer_params': {'lr': 0.03}}: 0.9407
2025-05-26 09:28:22 [INFO] Evaluating parameters: {'n_d': 32, 'n_steps': 3, 'cat_emb_dim': 3, 'gamma': 1.5, 'lambda_sparse': 0.0001, 'optimizer_params': {'lr': 0.01}}
2025-05-26 09:29:05 [INFO] Fold 1: AUC = 0.9402
2025-05-26 09:29:47 [INFO] Fold 2: AUC = 0.9515
2025-05-26 09:30:29 [INFO] Fold 3: AUC = 0.9505
2025-05-26 09:30:56 [INFO] Fold 4: AUC = 0.9251
2025-05-26 09:31:39 [INFO] Fold 5: AUC = 0.9400
2025-05-26 09:31:39 [INFO] Mean AUC for params {'n_d': 32, 'n_steps': 3, 'cat_emb_dim': 3, 'gamma': 1.5, 'lambda_sparse': 0.0001, 'optimizer_params': {'lr': 0.01}}: 0.9414
2025-05-26 09:31:39 [INFO] Evaluating parameters: {'n_d': 32, 'n_steps': 5, 'cat_emb_dim': 1, 'gamma': 1.2, 'lambda_sparse': 0.001, 'optimizer_params': {'lr': 0.03}}
2025-05-26 09:32:08 [INFO] Fold 1: AUC = 0.8977
2025-05-26 09:32:52 [INFO] Fold 2: AUC = 0.9255
2025-05-26 09:33:55 [INFO] Fold 3: AUC = 0.9307
2025-05-26 09:34:53 [INFO] Fold 4: AUC = 0.9221
2025-05-26 09:35:43 [INFO] Fold 5: AUC = 0.9279
2025-05-26 09:35:43 [INFO] Mean AUC for params {'n_d': 32, 'n_steps': 5, 'cat_emb_dim': 1, 'gamma': 1.2, 'lambda_sparse': 0.001, 'optimizer_params': {'lr': 0.03}}: 0.9208
2025-05-26 09:35:43 [INFO] Evaluating parameters: {'n_d': 32, 'n_steps': 5, 'cat_emb_dim': 1, 'gamma': 1.2, 'lambda_sparse': 0.001, 'optimizer_params': {'lr': 0.01}}
2025-05-26 09:36:46 [INFO] Fold 1: AUC = 0.9195
2025-05-26 09:37:21 [INFO] Fold 2: AUC = 0.9366
2025-05-26 09:38:03 [INFO] Fold 3: AUC = 0.9158
2025-05-26 09:39:06 [INFO] Fold 4: AUC = 0.9174
2025-05-26 09:39:51 [INFO] Fold 5: AUC = 0.9175
2025-05-26 09:39:51 [INFO] Mean AUC for params {'n_d': 32, 'n_steps': 5, 'cat_emb_dim': 1, 'gamma': 1.2, 'lambda_sparse': 0.001, 'optimizer_params': {'lr': 0.01}}: 0.9214
2025-05-26 09:39:51 [INFO] Evaluating parameters: {'n_d': 32, 'n_steps': 5, 'cat_emb_dim': 1, 'gamma': 1.2, 'lambda_sparse': 0.0001, 'optimizer_params': {'lr': 0.03}}
2025-05-26 09:40:54 [INFO] Fold 1: AUC = 0.9215
2025-05-26 09:41:26 [INFO] Fold 2: AUC = 0.9271
2025-05-26 09:42:14 [INFO] Fold 3: AUC = 0.9183
2025-05-26 09:43:17 [INFO] Fold 4: AUC = 0.9231
2025-05-26 09:43:53 [INFO] Fold 5: AUC = 0.9187
2025-05-26 09:43:53 [INFO] Mean AUC for params {'n_d': 32, 'n_steps': 5, 'cat_emb_dim': 1, 'gamma': 1.2, 'lambda_sparse': 0.0001, 'optimizer_params': {'lr': 0.03}}: 0.9217
2025-05-26 09:43:53 [INFO] Evaluating parameters: {'n_d': 32, 'n_steps': 5, 'cat_emb_dim': 1, 'gamma': 1.2, 'lambda_sparse': 0.0001, 'optimizer_params': {'lr': 0.01}}
2025-05-26 09:44:45 [INFO] Fold 1: AUC = 0.9198
2025-05-26 09:45:37 [INFO] Fold 2: AUC = 0.9346
2025-05-26 09:46:40 [INFO] Fold 3: AUC = 0.9429
2025-05-26 09:47:43 [INFO] Fold 4: AUC = 0.9305
2025-05-26 09:48:35 [INFO] Fold 5: AUC = 0.9313
2025-05-26 09:48:35 [INFO] Mean AUC for params {'n_d': 32, 'n_steps': 5, 'cat_emb_dim': 1, 'gamma': 1.2, 'lambda_sparse': 0.0001, 'optimizer_params': {'lr': 0.01}}: 0.9318
2025-05-26 09:48:35 [INFO] Evaluating parameters: {'n_d': 32, 'n_steps': 5, 'cat_emb_dim': 1, 'gamma': 1.5, 'lambda_sparse': 0.001, 'optimizer_params': {'lr': 0.03}}
2025-05-26 09:49:06 [INFO] Fold 1: AUC = 0.8965
2025-05-26 09:50:10 [INFO] Fold 2: AUC = 0.9337
2025-05-26 09:50:51 [INFO] Fold 3: AUC = 0.9243
2025-05-26 09:51:53 [INFO] Fold 4: AUC = 0.9174
2025-05-26 09:52:57 [INFO] Fold 5: AUC = 0.9235
2025-05-26 09:52:57 [INFO] Mean AUC for params {'n_d': 32, 'n_steps': 5, 'cat_emb_dim': 1, 'gamma': 1.5, 'lambda_sparse': 0.001, 'optimizer_params': {'lr': 0.03}}: 0.9191
2025-05-26 09:52:57 [INFO] Evaluating parameters: {'n_d': 32, 'n_steps': 5, 'cat_emb_dim': 1, 'gamma': 1.5, 'lambda_sparse': 0.001, 'optimizer_params': {'lr': 0.01}}
2025-05-26 09:53:55 [INFO] Fold 1: AUC = 0.9079
2025-05-26 09:54:58 [INFO] Fold 2: AUC = 0.9330
2025-05-26 09:55:39 [INFO] Fold 3: AUC = 0.9153
2025-05-26 09:56:41 [INFO] Fold 4: AUC = 0.9139
2025-05-26 09:57:24 [INFO] Fold 5: AUC = 0.9249
2025-05-26 09:57:24 [INFO] Mean AUC for params {'n_d': 32, 'n_steps': 5, 'cat_emb_dim': 1, 'gamma': 1.5, 'lambda_sparse': 0.001, 'optimizer_params': {'lr': 0.01}}: 0.9190
2025-05-26 09:57:24 [INFO] Evaluating parameters: {'n_d': 32, 'n_steps': 5, 'cat_emb_dim': 1, 'gamma': 1.5, 'lambda_sparse': 0.0001, 'optimizer_params': {'lr': 0.03}}
2025-05-26 09:58:06 [INFO] Fold 1: AUC = 0.9068
2025-05-26 09:59:03 [INFO] Fold 2: AUC = 0.9290
2025-05-26 09:59:48 [INFO] Fold 3: AUC = 0.9043
2025-05-26 10:00:37 [INFO] Fold 4: AUC = 0.9220
2025-05-26 10:01:21 [INFO] Fold 5: AUC = 0.9179
2025-05-26 10:01:21 [INFO] Mean AUC for params {'n_d': 32, 'n_steps': 5, 'cat_emb_dim': 1, 'gamma': 1.5, 'lambda_sparse': 0.0001, 'optimizer_params': {'lr': 0.03}}: 0.9160
2025-05-26 10:01:21 [INFO] Evaluating parameters: {'n_d': 32, 'n_steps': 5, 'cat_emb_dim': 1, 'gamma': 1.5, 'lambda_sparse': 0.0001, 'optimizer_params': {'lr': 0.01}}
2025-05-26 10:02:23 [INFO] Fold 1: AUC = 0.9216
2025-05-26 10:02:54 [INFO] Fold 2: AUC = 0.9194
2025-05-26 10:03:56 [INFO] Fold 3: AUC = 0.9225
2025-05-26 10:04:59 [INFO] Fold 4: AUC = 0.9175
2025-05-26 10:05:48 [INFO] Fold 5: AUC = 0.9104
2025-05-26 10:05:48 [INFO] Mean AUC for params {'n_d': 32, 'n_steps': 5, 'cat_emb_dim': 1, 'gamma': 1.5, 'lambda_sparse': 0.0001, 'optimizer_params': {'lr': 0.01}}: 0.9183
2025-05-26 10:05:48 [INFO] Evaluating parameters: {'n_d': 32, 'n_steps': 5, 'cat_emb_dim': 2, 'gamma': 1.2, 'lambda_sparse': 0.001, 'optimizer_params': {'lr': 0.03}}
2025-05-26 10:06:22 [INFO] Fold 1: AUC = 0.9121
2025-05-26 10:07:08 [INFO] Fold 2: AUC = 0.9359
2025-05-26 10:08:10 [INFO] Fold 3: AUC = 0.9322
2025-05-26 10:09:05 [INFO] Fold 4: AUC = 0.9186
2025-05-26 10:09:50 [INFO] Fold 5: AUC = 0.9315
2025-05-26 10:09:50 [INFO] Mean AUC for params {'n_d': 32, 'n_steps': 5, 'cat_emb_dim': 2, 'gamma': 1.2, 'lambda_sparse': 0.001, 'optimizer_params': {'lr': 0.03}}: 0.9260
2025-05-26 10:09:50 [INFO] Evaluating parameters: {'n_d': 32, 'n_steps': 5, 'cat_emb_dim': 2, 'gamma': 1.2, 'lambda_sparse': 0.001, 'optimizer_params': {'lr': 0.01}}
2025-05-26 10:10:53 [INFO] Fold 1: AUC = 0.9258
2025-05-26 10:11:42 [INFO] Fold 2: AUC = 0.9383
2025-05-26 10:12:44 [INFO] Fold 3: AUC = 0.9357
2025-05-26 10:13:32 [INFO] Fold 4: AUC = 0.9216
2025-05-26 10:14:24 [INFO] Fold 5: AUC = 0.9304
2025-05-26 10:14:24 [INFO] Mean AUC for params {'n_d': 32, 'n_steps': 5, 'cat_emb_dim': 2, 'gamma': 1.2, 'lambda_sparse': 0.001, 'optimizer_params': {'lr': 0.01}}: 0.9304
2025-05-26 10:14:24 [INFO] Evaluating parameters: {'n_d': 32, 'n_steps': 5, 'cat_emb_dim': 2, 'gamma': 1.2, 'lambda_sparse': 0.0001, 'optimizer_params': {'lr': 0.03}}
2025-05-26 10:15:15 [INFO] Fold 1: AUC = 0.9204
2025-05-26 10:15:48 [INFO] Fold 2: AUC = 0.9363
2025-05-26 10:16:39 [INFO] Fold 3: AUC = 0.9219
2025-05-26 10:17:31 [INFO] Fold 4: AUC = 0.9237
2025-05-26 10:18:14 [INFO] Fold 5: AUC = 0.9258
2025-05-26 10:18:14 [INFO] Mean AUC for params {'n_d': 32, 'n_steps': 5, 'cat_emb_dim': 2, 'gamma': 1.2, 'lambda_sparse': 0.0001, 'optimizer_params': {'lr': 0.03}}: 0.9256
2025-05-26 10:18:14 [INFO] Evaluating parameters: {'n_d': 32, 'n_steps': 5, 'cat_emb_dim': 2, 'gamma': 1.2, 'lambda_sparse': 0.0001, 'optimizer_params': {'lr': 0.01}}
2025-05-26 10:19:06 [INFO] Fold 1: AUC = 0.9210
2025-05-26 10:20:09 [INFO] Fold 2: AUC = 0.9494
2025-05-26 10:21:09 [INFO] Fold 3: AUC = 0.9381
2025-05-26 10:22:04 [INFO] Fold 4: AUC = 0.9252
2025-05-26 10:23:07 [INFO] Fold 5: AUC = 0.9346
2025-05-26 10:23:07 [INFO] Mean AUC for params {'n_d': 32, 'n_steps': 5, 'cat_emb_dim': 2, 'gamma': 1.2, 'lambda_sparse': 0.0001, 'optimizer_params': {'lr': 0.01}}: 0.9337
2025-05-26 10:23:07 [INFO] Evaluating parameters: {'n_d': 32, 'n_steps': 5, 'cat_emb_dim': 2, 'gamma': 1.5, 'lambda_sparse': 0.001, 'optimizer_params': {'lr': 0.03}}
2025-05-26 10:24:00 [INFO] Fold 1: AUC = 0.9051
2025-05-26 10:24:38 [INFO] Fold 2: AUC = 0.9237
2025-05-26 10:25:12 [INFO] Fold 3: AUC = 0.9266
2025-05-26 10:25:57 [INFO] Fold 4: AUC = 0.9092
2025-05-26 10:26:47 [INFO] Fold 5: AUC = 0.9173
2025-05-26 10:26:47 [INFO] Mean AUC for params {'n_d': 32, 'n_steps': 5, 'cat_emb_dim': 2, 'gamma': 1.5, 'lambda_sparse': 0.001, 'optimizer_params': {'lr': 0.03}}: 0.9164
2025-05-26 10:26:47 [INFO] Evaluating parameters: {'n_d': 32, 'n_steps': 5, 'cat_emb_dim': 2, 'gamma': 1.5, 'lambda_sparse': 0.001, 'optimizer_params': {'lr': 0.01}}
2025-05-26 10:27:25 [INFO] Fold 1: AUC = 0.9073
2025-05-26 10:27:54 [INFO] Fold 2: AUC = 0.9257
2025-05-26 10:28:57 [INFO] Fold 3: AUC = 0.9285
2025-05-26 10:30:00 [INFO] Fold 4: AUC = 0.9195
2025-05-26 10:30:34 [INFO] Fold 5: AUC = 0.9161
2025-05-26 10:30:34 [INFO] Mean AUC for params {'n_d': 32, 'n_steps': 5, 'cat_emb_dim': 2, 'gamma': 1.5, 'lambda_sparse': 0.001, 'optimizer_params': {'lr': 0.01}}: 0.9194
2025-05-26 10:30:34 [INFO] Evaluating parameters: {'n_d': 32, 'n_steps': 5, 'cat_emb_dim': 2, 'gamma': 1.5, 'lambda_sparse': 0.0001, 'optimizer_params': {'lr': 0.03}}
2025-05-26 10:31:07 [INFO] Fold 1: AUC = 0.9016
